
************************************
* Waiting for client to connect... *
************************************
---------------------------------------------------------------------------------------
                    RDMA_Write BW Test
 Dual-port       : OFF		Device         : rocep23s0
 Number of qps   : 1		Transport type : IB
 Connection type : RC		Using SRQ      : OFF
 PCIe relax order: ON		Lock-free      : OFF
 ibv_wr* API     : OFF		Using DDP      : OFF
 CQ Moderation   : 100
 Mtu             : 2048[B]
 Link type       : Ethernet
 GID index       : 4
 Max inline data : 0[B]
 rdma_cm QPs	 : OFF
 Data ex. method : Ethernet
---------------------------------------------------------------------------------------
 local address: LID 0000 QPN 0x0bee PSN 0x340d1a RKey 0x38011101 VAddr 0x005f67afc04000
 GID: 00:00:00:00:00:00:00:00:00:00:255:255:192:168:20:56
 remote address: LID 0000 QPN 0x03dc PSN 0xab178c RKey 0x1801016c VAddr 0x00594f60a78000
 GID: 00:00:00:00:00:00:00:00:00:00:255:255:192:168:20:50
---------------------------------------------------------------------------------------
 #bytes     #iterations    BW peak[Gb/sec]    BW average[Gb/sec]   MsgRate[Mpps]
 1024       5000           44.922448            0.086364            0.010542
---------------------------------------------------------------------------------------
