
WARNING: apt does not have a stable CLI interface. Use with caution in scripts.

Listing...
base-files/stable 13.8+deb13u5 amd64 [upgradable from: 13.8+deb13u4]
bash/stable 5.2.37-2+b9 amd64 [upgradable from: 5.2.37-2+b8]
bind9-dnsutils/stable-security 1:9.20.23-1~deb13u1 amd64 [upgradable from: 1:9.20.21-1~deb13u1]
bind9-host/stable-security 1:9.20.23-1~deb13u1 amd64 [upgradable from: 1:9.20.21-1~deb13u1]
bind9-libs/stable-security 1:9.20.23-1~deb13u1 amd64 [upgradable from: 1:9.20.21-1~deb13u1]
busybox/stable 1:1.37.0-6+b8 amd64 [upgradable from: 1:1.37.0-6+b7]
curl/stable 8.14.1-2+deb13u3 amd64 [upgradable from: 8.14.1-2+deb13u2]
dirmngr/stable 2.4.7-21+deb13u1+b3 amd64 [upgradable from: 2.4.7-21+deb13u1+b2]
distro-info-data/stable 0.66+deb13u2 all [upgradable from: 0.66+deb13u1]
e2fsprogs/stable 1.47.2-3+b11 amd64 [upgradable from: 1.47.2-3+b10]
frr-pythontools/stable 10.6.1-1+pve2 all [upgradable from: 10.6.1-1+pve1]
frr/stable 10.6.1-1+pve2 amd64 [upgradable from: 10.6.1-1+pve1]
gnutls-bin/stable-security 3.8.9-3+deb13u4 amd64 [upgradable from: 3.8.9-3+deb13u2]
gpg-agent/stable 2.4.7-21+deb13u1+b3 amd64 [upgradable from: 2.4.7-21+deb13u1+b2]
gpg-wks-client/stable 2.4.7-21+deb13u1+b3 amd64 [upgradable from: 2.4.7-21+deb13u1+b2]
gpg/stable 2.4.7-21+deb13u1+b3 amd64 [upgradable from: 2.4.7-21+deb13u1+b2]
gpgconf/stable 2.4.7-21+deb13u1+b3 amd64 [upgradable from: 2.4.7-21+deb13u1+b2]
gpgsm/stable 2.4.7-21+deb13u1+b3 amd64 [upgradable from: 2.4.7-21+deb13u1+b2]
initramfs-tools-bin/stable 0.148.4 amd64 [upgradable from: 0.148.3]
initramfs-tools-core/stable 0.148.4 all [upgradable from: 0.148.3]
initramfs-tools/stable 0.148.4 all [upgradable from: 0.148.3]
krb5-locales/stable-security 1.21.3-5+deb13u1 all [upgradable from: 1.21.3-5]
libarchive13t64/stable 3.7.4-4+deb13u1 amd64 [upgradable from: 3.7.4-4]
libcom-err2/stable 1.47.2-3+b11 amd64 [upgradable from: 1.47.2-3+b10]
libcurl3t64-gnutls/stable 8.14.1-2+deb13u3 amd64 [upgradable from: 8.14.1-2+deb13u2]
libcurl4t64/stable 8.14.1-2+deb13u3 amd64 [upgradable from: 8.14.1-2+deb13u2]
libext2fs2t64/stable 1.47.2-3+b11 amd64 [upgradable from: 1.47.2-3+b10]
libgcrypt20/stable-security 1.11.0-7+deb13u1 amd64 [upgradable from: 1.11.0-7]
libglib2.0-0t64/stable 2.84.4-3~deb13u3 amd64 [upgradable from: 2.84.4-3~deb13u2]
libgnutls-dane0t64/stable-security 3.8.9-3+deb13u4 amd64 [upgradable from: 3.8.9-3+deb13u2]
libgnutls30t64/stable-security 3.8.9-3+deb13u4 amd64 [upgradable from: 3.8.9-3+deb13u2]
libgssapi-krb5-2/stable-security 1.21.3-5+deb13u1 amd64 [upgradable from: 1.21.3-5]
libharfbuzz0b/stable 10.2.0-1+deb13u1 amd64 [upgradable from: 10.2.0-1+b1]
libhttp-daemon-perl/stable-security 6.16-1+deb13u1 all [upgradable from: 6.16-1]
libk5crypto3/stable-security 1.21.3-5+deb13u1 amd64 [upgradable from: 1.21.3-5]
libkrb5-3/stable-security 1.21.3-5+deb13u1 amd64 [upgradable from: 1.21.3-5]
libkrb5support0/stable-security 1.21.3-5+deb13u1 amd64 [upgradable from: 1.21.3-5]
libldb2/stable-security 2:2.11.0+samba4.22.8+dfsg-0+deb13u2 amd64 [upgradable from: 2:2.11.0+samba4.22.8+dfsg-0+deb13u1]
libnss3/stable-security 2:3.110-1+deb13u2 amd64 [upgradable from: 2:3.110-1+deb13u1]
libnvpair3linux/stable 2.4.2-pve1 amd64 [upgradable from: 2.4.1-pve2]
libpve-access-control/stable 9.1.1 all [upgradable from: 9.1.0]
libpve-cluster-api-perl/stable 9.1.6 all [upgradable from: 9.1.4]
libpve-cluster-perl/stable 9.1.6 all [upgradable from: 9.1.4]
libpve-common-perl/stable 9.1.16 all [upgradable from: 9.1.12]
libpve-guest-common-perl/stable 6.0.4 all [upgradable from: 6.0.2]
libpve-network-api-perl/stable 1.6.6 all [upgradable from: 1.4.2]
libpve-network-perl/stable 1.6.6 all [upgradable from: 1.4.2]
libpve-notify-perl/stable 9.1.6 all [upgradable from: 9.1.4]
libpve-rs-perl/stable 0.15.3 amd64 [upgradable from: 0.13.2]
libpve-storage-perl/stable 9.1.6 all [upgradable from: 9.1.3]
librabbitmq4/stable-security 0.15.0-1+deb13u1 amd64 [upgradable from: 0.15.0-1]
libsmbclient0/stable-security 2:4.22.8+dfsg-0+deb13u2 amd64 [upgradable from: 2:4.22.8+dfsg-0+deb13u1]
libss2/stable 1.47.2-3+b11 amd64 [upgradable from: 1.47.2-3+b10]
libssh2-1t64/stable-security 1.11.1-1+deb13u1 amd64 [upgradable from: 1.11.1-1]
libssl-dev/stable-security 3.5.6-1~deb13u2 amd64 [upgradable from: 3.5.6-1~deb13u1]
libssl3t64/stable-security 3.5.6-1~deb13u2 amd64 [upgradable from: 3.5.6-1~deb13u1]
libtalloc2/stable-security 2:2.4.3+samba4.22.8+dfsg-0+deb13u2 amd64 [upgradable from: 2:2.4.3+samba4.22.8+dfsg-0+deb13u1]
libtdb1/stable-security 2:1.4.13+samba4.22.8+dfsg-0+deb13u2 amd64 [upgradable from: 2:1.4.13+samba4.22.8+dfsg-0+deb13u1]
libtevent0t64/stable-security 2:0.16.2+samba4.22.8+dfsg-0+deb13u2 amd64 [upgradable from: 2:0.16.2+samba4.22.8+dfsg-0+deb13u1]
libunbound8/stable-security 1.22.0-2+deb13u3 amd64 [upgradable from: 1.22.0-2+deb13u1]
libuutil3linux/stable 2.4.2-pve1 amd64 [upgradable from: 2.4.1-pve2]
libwbclient0/stable-security 2:4.22.8+dfsg-0+deb13u2 amd64 [upgradable from: 2:4.22.8+dfsg-0+deb13u1]
libxslt1.1/stable 1.1.35-1.2+deb13u3 amd64 [upgradable from: 1.1.35-1.2+deb13u2]
libzfs7linux/stable 2.4.2-pve1 amd64 [upgradable from: 2.4.1-pve2]
libzpool7linux/stable 2.4.2-pve1 amd64 [upgradable from: 2.4.1-pve2]
linux-libc-dev/stable-security 6.12.94-1 all [upgradable from: 6.12.88-1]
logsave/stable 1.47.2-3+b11 amd64 [upgradable from: 1.47.2-3+b10]
lxc-pve/stable 7.0.0-2 amd64 [upgradable from: 7.0.0-1]
nano/stable 8.4-1+deb13u1 amd64 [upgradable from: 8.4-1]
openssh-client/stable 1:10.0p1-7+deb13u4 amd64 [upgradable from: 1:10.0p1-7+deb13u2]
openssh-server/stable 1:10.0p1-7+deb13u4 amd64 [upgradable from: 1:10.0p1-7+deb13u2]
openssh-sftp-server/stable 1:10.0p1-7+deb13u4 amd64 [upgradable from: 1:10.0p1-7+deb13u2]
openssl-provider-legacy/stable-security 3.5.6-1~deb13u2 amd64 [upgradable from: 3.5.6-1~deb13u1]
openssl/stable-security 3.5.6-1~deb13u2 amd64 [upgradable from: 3.5.6-1~deb13u1]
proxmox-backup-client/stable 4.2.2-1 amd64 [upgradable from: 4.2.0-1]
proxmox-backup-file-restore/stable 4.2.2-1 amd64 [upgradable from: 4.2.0-1]
proxmox-firewall/stable 1.2.3 amd64 [upgradable from: 1.2.2]
proxmox-kernel-6.14/stable 6.14.11-9 all [upgradable from: 6.14.11-8]
proxmox-kernel-6.17/stable 6.17.13-13 amd64 [upgradable from: 6.17.13-7]
proxmox-kernel-7.0/stable 7.0.12-1 amd64 [upgradable from: 7.0.2-6]
proxmox-kernel-helper/stable 9.2.0 all [upgradable from: 9.0.4]
proxmox-offline-mirror-docs/stable 0.7.4 all [upgradable from: 0.7.3]
proxmox-offline-mirror-helper/stable 0.7.4 amd64 [upgradable from: 0.7.3]
proxmox-ve/stable 9.2.0 all [upgradable from: 9.1.0]
proxmox-widget-toolkit/stable 5.2.5 all [upgradable from: 5.1.10]
pve-cluster/stable 9.1.6 amd64 [upgradable from: 9.1.4]
pve-container/stable 6.1.10 all [upgradable from: 6.1.6]
pve-docs/stable 9.2.2 all [upgradable from: 9.1.3]
pve-firmware/stable 3.18-4 all [upgradable from: 3.18-3]
pve-ha-manager/stable 5.2.4 amd64 [upgradable from: 5.2.0]
pve-i18n/stable 3.8.0 all [upgradable from: 3.7.1]
pve-manager/stable 9.2.3 all [upgradable from: 9.1.11]
pve-qemu-kvm/stable 11.0.0-4 amd64 [upgradable from: 11.0.0-2]
pve-yew-mobile-gui/stable 0.7.0 amd64 [upgradable from: 0.6.4]
pve-yew-mobile-i18n/stable 3.8.0 all [upgradable from: 3.7.1]
python3-urllib3/stable-security 2.3.0-3+deb13u2 all [upgradable from: 2.3.0-3+deb13u1]
qemu-server/stable 9.1.17 amd64 [upgradable from: 9.1.10]
samba-common/stable-security 2:4.22.8+dfsg-0+deb13u2 all [upgradable from: 2:4.22.8+dfsg-0+deb13u1]
samba-libs/stable-security 2:4.22.8+dfsg-0+deb13u2 amd64 [upgradable from: 2:4.22.8+dfsg-0+deb13u1]
sed/stable 4.9-2+deb13u1 amd64 [upgradable from: 4.9-2]
shim-helpers-amd64-signed/stable 1+16.1+1+pmx1 amd64 [upgradable from: 1+15.8+1+pmx1]
shim-signed-common/stable 1.48+pmx1+16.1-1+pmx1 all [upgradable from: 1.47+pmx1+15.8-1+pmx1]
shim-signed/stable 1.48+pmx1+16.1-1+pmx1 amd64 [upgradable from: 1.47+pmx1+15.8-1+pmx1]
shim-unsigned/stable 16.1-1+pmx1 amd64 [upgradable from: 15.8-1+pmx1]
smbclient/stable-security 2:4.22.8+dfsg-0+deb13u2 amd64 [upgradable from: 2:4.22.8+dfsg-0+deb13u1]
ssh/stable 1:10.0p1-7+deb13u4 all [upgradable from: 1:10.0p1-7+deb13u2]
tzdata/stable 2026b-0+deb13u1 all [upgradable from: 2026a-0+deb13u1]
xsltproc/stable 1.1.35-1.2+deb13u3 amd64 [upgradable from: 1.1.35-1.2+deb13u2]
zfs-initramfs/stable 2.4.2-pve1 all [upgradable from: 2.4.1-pve2]
zfs-zed/stable 2.4.2-pve1 amd64 [upgradable from: 2.4.1-pve2]
zfsutils-linux/stable 2.4.2-pve1 amd64 [upgradable from: 2.4.1-pve2]
