=== CX3 Pro inbox RoCEv2 VF patch installer ===
repo=/root/CX3Pro-inbox-driver-patch
kernel=7.0.2-6-pve
jobs=12
build_root=/root/cx3pro-inbox-build
install_dir=/lib/modules/7.0.2-6-pve/updates/cx3pro-inbox-rocev2
tested_kernels=7.0.2-2-pve 7.0.2-6-pve
log=/root/CX3Pro-inbox-driver-patch/logs/install-20260522-232447.log

+ mkdir -p /root/cx3pro-inbox-build
+ git clone --depth 1 https://github.com/proxmox/pve-kernel.git /root/cx3pro-inbox-build/pve-kernel
Cloning into '/root/cx3pro-inbox-build/pve-kernel'...
+ git -C /root/cx3pro-inbox-build/pve-kernel submodule set-url submodules/ubuntu-kernel https://git.proxmox.com/git/mirror_ubuntu-kernels.git
+ git -C /root/cx3pro-inbox-build/pve-kernel submodule set-url submodules/zfsonlinux https://git.proxmox.com/git/zfsonlinux.git
+ git -C /root/cx3pro-inbox-build/pve-kernel submodule update --init submodules/ubuntu-kernel
Submodule 'submodules/ubuntu-kernel' (https://git.proxmox.com/git/mirror_ubuntu-kernels.git) registered for path 'submodules/ubuntu-kernel'
Cloning into '/root/cx3pro-inbox-build/pve-kernel/submodules/ubuntu-kernel'...
Submodule path 'submodules/ubuntu-kernel': checked out '69bb061d6b71ee9b43e6584cc16d2a8853e81fe6'
+ cp /root/CX3Pro-inbox-driver-patch/patches/kernel/0066-mlx4-preserve-rocev2-gid-type-for-sriov-vfs.patch /root/cx3pro-inbox-build/pve-kernel/patches/kernel/
+ git -C /root/cx3pro-inbox-build/pve-kernel/submodules/ubuntu-kernel reset --hard HEAD
HEAD is now at 69bb061d6b71 UBUNTU: Ubuntu-7.0.0-18.18
+ git -C /root/cx3pro-inbox-build/pve-kernel/submodules/ubuntu-kernel clean -fdx
+ git -C /root/cx3pro-inbox-build/pve-kernel/submodules/ubuntu-kernel apply --check /root/CX3Pro-inbox-driver-patch/patches/kernel/0066-mlx4-preserve-rocev2-gid-type-for-sriov-vfs.patch
+ git -C /root/cx3pro-inbox-build/pve-kernel/submodules/ubuntu-kernel apply /root/CX3Pro-inbox-driver-patch/patches/kernel/0066-mlx4-preserve-rocev2-gid-type-for-sriov-vfs.patch
+ git -C /root/cx3pro-inbox-build/pve-kernel/submodules/ubuntu-kernel diff --check
+ cp /boot/config-7.0.2-6-pve /root/cx3pro-inbox-build/pve-kernel/submodules/ubuntu-kernel/.config
+ make -C /root/cx3pro-inbox-build/pve-kernel/submodules/ubuntu-kernel olddefconfig
make: Entering directory '/root/cx3pro-inbox-build/pve-kernel/submodules/ubuntu-kernel'
  HOSTCC  scripts/basic/fixdep
  HOSTCC  scripts/kconfig/conf.o
  HOSTCC  scripts/kconfig/confdata.o
  HOSTCC  scripts/kconfig/expr.o
  LEX     scripts/kconfig/lexer.lex.c
/bin/sh: 1: flex: not found
make[2]: *** [scripts/Makefile.host:9: scripts/kconfig/lexer.lex.c] Error 127
make[1]: *** [/root/cx3pro-inbox-build/pve-kernel/submodules/ubuntu-kernel/Makefile:750: olddefconfig] Error 2
make: *** [Makefile:248: __sub-make] Error 2
make: Leaving directory '/root/cx3pro-inbox-build/pve-kernel/submodules/ubuntu-kernel'
