=== CX3 Pro inbox RoCEv2 VF patch installer ===
repo=/root/CX3Pro-inbox-driver-patch
kernel=7.0.2-6-pve
pve_kernel_ref=87f22e55de30d73b83722b86790394564036b33c
jobs=12
build_root=/root/cx3pro-inbox-build
install_dir=/lib/modules/7.0.2-6-pve/updates/cx3pro-inbox-rocev2
tested_kernels=7.0.2-2-pve 7.0.2-6-pve
log=/root/CX3Pro-inbox-driver-patch/logs/install-20260627-131522.log

+ mkdir -p /root/cx3pro-inbox-build
+ git -C /root/cx3pro-inbox-build/pve-kernel fetch --depth 1 origin
+ git -C /root/cx3pro-inbox-build/pve-kernel reset --hard FETCH_HEAD
HEAD is now at f5f9a7c make: fix deriving build-host architecture
+ git -C /root/cx3pro-inbox-build/pve-kernel fetch --depth 1 origin 87f22e55de30d73b83722b86790394564036b33c
From https://github.com/proxmox/pve-kernel
 * branch            87f22e55de30d73b83722b86790394564036b33c -> FETCH_HEAD
+ git -C /root/cx3pro-inbox-build/pve-kernel reset --hard FETCH_HEAD
HEAD is now at 87f22e5 update ABI file for 7.0.2-6-pve (amd64)
+ git -C /root/cx3pro-inbox-build/pve-kernel submodule set-url submodules/ubuntu-kernel https://git.proxmox.com/git/mirror_ubuntu-kernels.git
Synchronizing submodule url for 'submodules/ubuntu-kernel'
+ git -C /root/cx3pro-inbox-build/pve-kernel submodule set-url submodules/zfsonlinux https://git.proxmox.com/git/zfsonlinux.git
+ git -C /root/cx3pro-inbox-build/pve-kernel submodule update --init submodules/ubuntu-kernel
+ cp /root/CX3Pro-inbox-driver-patch/patches/kernel/0066-mlx4-preserve-rocev2-gid-type-for-sriov-vfs.patch /root/cx3pro-inbox-build/pve-kernel/patches/kernel/
+ git -C /root/cx3pro-inbox-build/pve-kernel/submodules/ubuntu-kernel reset --hard HEAD
HEAD is now at 69bb061d6b71 UBUNTU: Ubuntu-7.0.0-18.18
+ git -C /root/cx3pro-inbox-build/pve-kernel/submodules/ubuntu-kernel clean -fdx
+ git -C /root/cx3pro-inbox-build/pve-kernel/submodules/ubuntu-kernel apply --check /root/CX3Pro-inbox-driver-patch/patches/kernel/0066-mlx4-preserve-rocev2-gid-type-for-sriov-vfs.patch
+ git -C /root/cx3pro-inbox-build/pve-kernel/submodules/ubuntu-kernel apply /root/CX3Pro-inbox-driver-patch/patches/kernel/0066-mlx4-preserve-rocev2-gid-type-for-sriov-vfs.patch
+ git -C /root/cx3pro-inbox-build/pve-kernel/submodules/ubuntu-kernel diff --check
+ cp /boot/config-7.0.2-6-pve /root/cx3pro-inbox-build/pve-kernel/submodules/ubuntu-kernel/.config
+ make -C /root/cx3pro-inbox-build/pve-kernel/submodules/ubuntu-kernel olddefconfig
make: Entering directory '/root/cx3pro-inbox-build/pve-kernel/submodules/ubuntu-kernel'
  HOSTCC  scripts/basic/fixdep
  HOSTCC  scripts/kconfig/conf.o
  HOSTCC  scripts/kconfig/confdata.o
  HOSTCC  scripts/kconfig/expr.o
  LEX     scripts/kconfig/lexer.lex.c
  YACC    scripts/kconfig/parser.tab.[ch]
  HOSTCC  scripts/kconfig/lexer.lex.o
  HOSTCC  scripts/kconfig/menu.o
  HOSTCC  scripts/kconfig/parser.tab.o
  HOSTCC  scripts/kconfig/preprocess.o
  HOSTCC  scripts/kconfig/symbol.o
  HOSTCC  scripts/kconfig/util.o
  HOSTLD  scripts/kconfig/conf
security/apparmor/Kconfig:120:warning: multi-line strings not supported
#
# configuration written to .config
#
make: Leaving directory '/root/cx3pro-inbox-build/pve-kernel/submodules/ubuntu-kernel'
+ make -C /root/cx3pro-inbox-build/pve-kernel/submodules/ubuntu-kernel prepare modules_prepare LOCALVERSION=-6-pve -j12
make: Entering directory '/root/cx3pro-inbox-build/pve-kernel/submodules/ubuntu-kernel'
  WRAP    arch/x86/include/generated/uapi/asm/bpf_perf_event.h
  WRAP    arch/x86/include/generated/uapi/asm/errno.h
  WRAP    arch/x86/include/generated/uapi/asm/fcntl.h
  WRAP    arch/x86/include/generated/uapi/asm/ioctl.h
  WRAP    arch/x86/include/generated/uapi/asm/ioctls.h
  WRAP    arch/x86/include/generated/uapi/asm/ipcbuf.h
  WRAP    arch/x86/include/generated/uapi/asm/param.h
  WRAP    arch/x86/include/generated/uapi/asm/poll.h
  WRAP    arch/x86/include/generated/uapi/asm/resource.h
  UPD     include/generated/uapi/linux/version.h
  WRAP    arch/x86/include/generated/uapi/asm/socket.h
  WRAP    arch/x86/include/generated/uapi/asm/sockios.h
  WRAP    arch/x86/include/generated/uapi/asm/termbits.h
  WRAP    arch/x86/include/generated/uapi/asm/termios.h
  WRAP    arch/x86/include/generated/uapi/asm/types.h
  UPD     include/generated/compile.h
  SYSHDR  arch/x86/include/generated/uapi/asm/unistd_32.h
  SYSHDR  arch/x86/include/generated/uapi/asm/unistd_64.h
  SYSHDR  arch/x86/include/generated/uapi/asm/unistd_x32.h
  SYSTBL  arch/x86/include/generated/asm/syscalls_32.h
  UPD     arch/x86/include/generated/asm/cpufeaturemasks.h
  UPD     include/config/kernel.release
  SYSHDR  arch/x86/include/generated/asm/unistd_32_ia32.h
  WRAP    arch/x86/include/generated/asm/early_ioremap.h
  SYSHDR  arch/x86/include/generated/asm/unistd_64_x32.h
  WRAP    arch/x86/include/generated/asm/fprobe.h
  DESCEND objtool
  WRAP    arch/x86/include/generated/asm/mcs_spinlock.h
  WRAP    arch/x86/include/generated/asm/mmzone.h
  WRAP    arch/x86/include/generated/asm/irq_regs.h
  WRAP    arch/x86/include/generated/asm/kmap_size.h
  DESCEND bpf/resolve_btfids
  WRAP    arch/x86/include/generated/asm/local64.h
  WRAP    arch/x86/include/generated/asm/mmiowb.h
  WRAP    arch/x86/include/generated/asm/module.lds.h
  WRAP    arch/x86/include/generated/asm/rwonce.h
  SYSTBL  arch/x86/include/generated/asm/syscalls_64.h
  UPD     include/generated/utsrelease.h
  HYPERCALLS arch/x86/include/generated/asm/xen-hypercalls.h
  HOSTCC  arch/x86/tools/relocs_32.o
  HOSTCC  arch/x86/tools/relocs_64.o
  HOSTCC  arch/x86/tools/relocs_common.o
  HOSTCC  arch/x86/tools/vdso2c
  HOSTCC  scripts/kallsyms
  MKDIR     /root/cx3pro-inbox-build/pve-kernel/submodules/ubuntu-kernel/tools/bpf/resolve_btfids/libbpf/
  HOSTCC  scripts/sorttable.o
  HOSTCC  scripts/gendwarfksyms/gendwarfksyms.o
  HOSTCC  scripts/selinux/mdp/mdp
  HOSTCC  scripts/ipe/polgen/polgen
  HOSTCC  scripts/gendwarfksyms/cache.o
  HOSTCC  scripts/gendwarfksyms/die.o
  HOSTCC  scripts/elf-parse.o
  HOSTCC  scripts/gendwarfksyms/dwarf.o
  MKDIR     /root/cx3pro-inbox-build/pve-kernel/submodules/ubuntu-kernel/tools/bpf/resolve_btfids//libsubcmd
  HOSTCC  scripts/asn1_compiler
  GEN     /root/cx3pro-inbox-build/pve-kernel/submodules/ubuntu-kernel/tools/bpf/resolve_btfids/libbpf/bpf_helper_defs.h
  HOSTCC  scripts/sign-file
  HOSTCC  scripts/gendwarfksyms/kabi.o
  HOSTCC  scripts/insert-sys-cert
  HOSTCC  scripts/gendwarfksyms/symbols.o
  HOSTLD  arch/x86/tools/relocs
  INSTALL /root/cx3pro-inbox-build/pve-kernel/submodules/ubuntu-kernel/tools/bpf/resolve_btfids/libsubcmd//include/subcmd/exec-cmd.h
  HOSTCC  scripts/tracepoint-update.o
  HOSTCC  scripts/gendwarfksyms/types.o
  INSTALL /root/cx3pro-inbox-build/pve-kernel/submodules/ubuntu-kernel/tools/bpf/resolve_btfids/libbpf//include/bpf/bpf.h
  INSTALL /root/cx3pro-inbox-build/pve-kernel/submodules/ubuntu-kernel/tools/bpf/resolve_btfids/libbpf//include/bpf/libbpf.h
  HOSTLD  scripts/sorttable
  INSTALL /root/cx3pro-inbox-build/pve-kernel/submodules/ubuntu-kernel/tools/bpf/resolve_btfids/libbpf//include/bpf/btf.h
  INSTALL /root/cx3pro-inbox-build/pve-kernel/submodules/ubuntu-kernel/tools/bpf/resolve_btfids/libbpf//include/bpf/libbpf_common.h
  INSTALL /root/cx3pro-inbox-build/pve-kernel/submodules/ubuntu-kernel/tools/bpf/resolve_btfids/libbpf//include/bpf/libbpf_legacy.h
  INSTALL /root/cx3pro-inbox-build/pve-kernel/submodules/ubuntu-kernel/tools/bpf/resolve_btfids/libbpf//include/bpf/bpf_helpers.h
  INSTALL /root/cx3pro-inbox-build/pve-kernel/submodules/ubuntu-kernel/tools/bpf/resolve_btfids/libbpf//include/bpf/bpf_tracing.h
  INSTALL /root/cx3pro-inbox-build/pve-kernel/submodules/ubuntu-kernel/tools/bpf/resolve_btfids/libbpf//include/bpf/bpf_endian.h
  INSTALL /root/cx3pro-inbox-build/pve-kernel/submodules/ubuntu-kernel/tools/bpf/resolve_btfids/libbpf//include/bpf/bpf_core_read.h
  INSTALL /root/cx3pro-inbox-build/pve-kernel/submodules/ubuntu-kernel/tools/bpf/resolve_btfids/libbpf//include/bpf/skel_internal.h
  INSTALL /root/cx3pro-inbox-build/pve-kernel/submodules/ubuntu-kernel/tools/bpf/resolve_btfids/libbpf//include/bpf/libbpf_version.h
  INSTALL /root/cx3pro-inbox-build/pve-kernel/submodules/ubuntu-kernel/tools/bpf/resolve_btfids/libbpf//include/bpf/usdt.bpf.h
  INSTALL /root/cx3pro-inbox-build/pve-kernel/submodules/ubuntu-kernel/tools/bpf/resolve_btfids/libbpf//include/bpf/bpf_helper_defs.h
  INSTALL /root/cx3pro-inbox-build/pve-kernel/submodules/ubuntu-kernel/tools/bpf/resolve_btfids/libsubcmd//include/subcmd/help.h
  INSTALL libbpf_headers
  INSTALL /root/cx3pro-inbox-build/pve-kernel/submodules/ubuntu-kernel/tools/bpf/resolve_btfids/libsubcmd//include/subcmd/pager.h
  INSTALL /root/cx3pro-inbox-build/pve-kernel/submodules/ubuntu-kernel/tools/bpf/resolve_btfids/libsubcmd//include/subcmd/parse-options.h
  INSTALL /root/cx3pro-inbox-build/pve-kernel/submodules/ubuntu-kernel/tools/bpf/resolve_btfids/libsubcmd//include/subcmd/run-command.h
  INSTALL libsubcmd_headers
  INSTALL /root/cx3pro-inbox-build/pve-kernel/submodules/ubuntu-kernel/tools/objtool/libsubcmd/include/subcmd/exec-cmd.h
  INSTALL /root/cx3pro-inbox-build/pve-kernel/submodules/ubuntu-kernel/tools/objtool/libsubcmd/include/subcmd/help.h
  INSTALL /root/cx3pro-inbox-build/pve-kernel/submodules/ubuntu-kernel/tools/objtool/libsubcmd/include/subcmd/pager.h
  INSTALL /root/cx3pro-inbox-build/pve-kernel/submodules/ubuntu-kernel/tools/objtool/libsubcmd/include/subcmd/parse-options.h
  INSTALL /root/cx3pro-inbox-build/pve-kernel/submodules/ubuntu-kernel/tools/objtool/libsubcmd/include/subcmd/run-command.h
  INSTALL libsubcmd_headers
  HOSTLD  scripts/tracepoint-update
  CC      /root/cx3pro-inbox-build/pve-kernel/submodules/ubuntu-kernel/tools/bpf/resolve_btfids/libsubcmd/exec-cmd.o
  CC      /root/cx3pro-inbox-build/pve-kernel/submodules/ubuntu-kernel/tools/bpf/resolve_btfids/libsubcmd/help.o
  CC      /root/cx3pro-inbox-build/pve-kernel/submodules/ubuntu-kernel/tools/bpf/resolve_btfids/libsubcmd/pager.o
  CC      /root/cx3pro-inbox-build/pve-kernel/submodules/ubuntu-kernel/tools/bpf/resolve_btfids/libsubcmd/parse-options.o
  CC      /root/cx3pro-inbox-build/pve-kernel/submodules/ubuntu-kernel/tools/bpf/resolve_btfids/libsubcmd/run-command.o
  CC      /root/cx3pro-inbox-build/pve-kernel/submodules/ubuntu-kernel/tools/bpf/resolve_btfids/libsubcmd/sigchain.o
  CC      /root/cx3pro-inbox-build/pve-kernel/submodules/ubuntu-kernel/tools/bpf/resolve_btfids/libsubcmd/subcmd-config.o
  CC      /root/cx3pro-inbox-build/pve-kernel/submodules/ubuntu-kernel/tools/bpf/resolve_btfids/libbpf/staticobjs/libbpf.o
  CC      /root/cx3pro-inbox-build/pve-kernel/submodules/ubuntu-kernel/tools/bpf/resolve_btfids/libbpf/staticobjs/bpf.o
  HOSTLD  scripts/gendwarfksyms/gendwarfksyms
  CC      /root/cx3pro-inbox-build/pve-kernel/submodules/ubuntu-kernel/tools/bpf/resolve_btfids/libbpf/staticobjs/nlattr.o
  CC      /root/cx3pro-inbox-build/pve-kernel/submodules/ubuntu-kernel/tools/objtool/libsubcmd/exec-cmd.o
  CC      /root/cx3pro-inbox-build/pve-kernel/submodules/ubuntu-kernel/tools/objtool/libsubcmd/help.o
  CC      /root/cx3pro-inbox-build/pve-kernel/submodules/ubuntu-kernel/tools/bpf/resolve_btfids/libbpf/staticobjs/btf.o
  CC      /root/cx3pro-inbox-build/pve-kernel/submodules/ubuntu-kernel/tools/bpf/resolve_btfids/libbpf/staticobjs/libbpf_utils.o
  CC      /root/cx3pro-inbox-build/pve-kernel/submodules/ubuntu-kernel/tools/bpf/resolve_btfids/libbpf/staticobjs/netlink.o
  CC      /root/cx3pro-inbox-build/pve-kernel/submodules/ubuntu-kernel/tools/bpf/resolve_btfids/libbpf/staticobjs/bpf_prog_linfo.o
  CC      /root/cx3pro-inbox-build/pve-kernel/submodules/ubuntu-kernel/tools/bpf/resolve_btfids/libbpf/staticobjs/libbpf_probes.o
  CC      /root/cx3pro-inbox-build/pve-kernel/submodules/ubuntu-kernel/tools/objtool/libsubcmd/pager.o
  CC      /root/cx3pro-inbox-build/pve-kernel/submodules/ubuntu-kernel/tools/bpf/resolve_btfids/libbpf/staticobjs/hashmap.o
  CC      scripts/mod/empty.o
  CC      /root/cx3pro-inbox-build/pve-kernel/submodules/ubuntu-kernel/tools/bpf/resolve_btfids/libbpf/staticobjs/btf_dump.o
  HOSTCC  scripts/mod/mk_elfconfig
  CC      /root/cx3pro-inbox-build/pve-kernel/submodules/ubuntu-kernel/tools/bpf/resolve_btfids/libbpf/staticobjs/ringbuf.o
  CC      /root/cx3pro-inbox-build/pve-kernel/submodules/ubuntu-kernel/tools/objtool/libsubcmd/parse-options.o
  CC      /root/cx3pro-inbox-build/pve-kernel/submodules/ubuntu-kernel/tools/bpf/resolve_btfids/libbpf/staticobjs/strset.o
  CC      scripts/mod/devicetable-offsets.s
  CC      /root/cx3pro-inbox-build/pve-kernel/submodules/ubuntu-kernel/tools/objtool/libsubcmd/run-command.o
  CC      /root/cx3pro-inbox-build/pve-kernel/submodules/ubuntu-kernel/tools/objtool/libsubcmd/sigchain.o
  MKELF   scripts/mod/elfconfig.h
  UPD     scripts/mod/devicetable-offsets.h
  HOSTCC  scripts/mod/sumversion.o
  CC      /root/cx3pro-inbox-build/pve-kernel/submodules/ubuntu-kernel/tools/objtool/libsubcmd/subcmd-config.o
  HOSTCC  scripts/mod/symsearch.o
  CC      /root/cx3pro-inbox-build/pve-kernel/submodules/ubuntu-kernel/tools/bpf/resolve_btfids/libbpf/staticobjs/linker.o
  CC      /root/cx3pro-inbox-build/pve-kernel/submodules/ubuntu-kernel/tools/bpf/resolve_btfids/libbpf/staticobjs/gen_loader.o
  CC      /root/cx3pro-inbox-build/pve-kernel/submodules/ubuntu-kernel/tools/bpf/resolve_btfids/libbpf/staticobjs/relo_core.o
  HOSTCC  scripts/mod/modpost.o
  CC      /root/cx3pro-inbox-build/pve-kernel/submodules/ubuntu-kernel/tools/bpf/resolve_btfids/libbpf/staticobjs/usdt.o
  CC      /root/cx3pro-inbox-build/pve-kernel/submodules/ubuntu-kernel/tools/bpf/resolve_btfids/libbpf/staticobjs/zip.o
  LD      /root/cx3pro-inbox-build/pve-kernel/submodules/ubuntu-kernel/tools/bpf/resolve_btfids/libsubcmd/libsubcmd-in.o
  AR      /root/cx3pro-inbox-build/pve-kernel/submodules/ubuntu-kernel/tools/bpf/resolve_btfids/libsubcmd/libsubcmd.a
  CC      /root/cx3pro-inbox-build/pve-kernel/submodules/ubuntu-kernel/tools/bpf/resolve_btfids/libbpf/staticobjs/elf.o
  HOSTCC  scripts/mod/file2alias.o
  LD      /root/cx3pro-inbox-build/pve-kernel/submodules/ubuntu-kernel/tools/objtool/libsubcmd/libsubcmd-in.o
  AR      /root/cx3pro-inbox-build/pve-kernel/submodules/ubuntu-kernel/tools/objtool/libsubcmd/libsubcmd.a
  MKDIR   /root/cx3pro-inbox-build/pve-kernel/submodules/ubuntu-kernel/tools/objtool/arch/x86/lib/
  GEN     /root/cx3pro-inbox-build/pve-kernel/submodules/ubuntu-kernel/tools/objtool/arch/x86/lib/inat-tables.c
  CC      /root/cx3pro-inbox-build/pve-kernel/submodules/ubuntu-kernel/tools/bpf/resolve_btfids/libbpf/staticobjs/features.o
  MKDIR   /root/cx3pro-inbox-build/pve-kernel/submodules/ubuntu-kernel/tools/objtool/arch/x86/lib/
  GEN     /root/cx3pro-inbox-build/pve-kernel/submodules/ubuntu-kernel/tools/objtool/arch/x86/lib/cpu-feature-names.c
  CC      /root/cx3pro-inbox-build/pve-kernel/submodules/ubuntu-kernel/tools/objtool/arch/x86/orc.o
  CC      /root/cx3pro-inbox-build/pve-kernel/submodules/ubuntu-kernel/tools/objtool/arch/x86/decode.o
  CC      /root/cx3pro-inbox-build/pve-kernel/submodules/ubuntu-kernel/tools/objtool/weak.o
  CC      /root/cx3pro-inbox-build/pve-kernel/submodules/ubuntu-kernel/tools/objtool/check.o
  CC      /root/cx3pro-inbox-build/pve-kernel/submodules/ubuntu-kernel/tools/objtool/arch/x86/special.o
  CC      /root/cx3pro-inbox-build/pve-kernel/submodules/ubuntu-kernel/tools/objtool/special.o
  CC      /root/cx3pro-inbox-build/pve-kernel/submodules/ubuntu-kernel/tools/objtool/builtin-check.o
  CC      /root/cx3pro-inbox-build/pve-kernel/submodules/ubuntu-kernel/tools/bpf/resolve_btfids/libbpf/staticobjs/btf_iter.o
  CC      /root/cx3pro-inbox-build/pve-kernel/submodules/ubuntu-kernel/tools/objtool/elf.o
  CC      /root/cx3pro-inbox-build/pve-kernel/submodules/ubuntu-kernel/tools/bpf/resolve_btfids/libbpf/staticobjs/btf_relocate.o
  CC      /root/cx3pro-inbox-build/pve-kernel/submodules/ubuntu-kernel/tools/objtool/objtool.o
  CC      /root/cx3pro-inbox-build/pve-kernel/submodules/ubuntu-kernel/tools/objtool/orc_gen.o
  CC      /root/cx3pro-inbox-build/pve-kernel/submodules/ubuntu-kernel/tools/objtool/orc_dump.o
  CC      /root/cx3pro-inbox-build/pve-kernel/submodules/ubuntu-kernel/tools/objtool/libstring.o
  CC      /root/cx3pro-inbox-build/pve-kernel/submodules/ubuntu-kernel/tools/objtool/libctype.o
  CC      /root/cx3pro-inbox-build/pve-kernel/submodules/ubuntu-kernel/tools/objtool/str_error_r.o
  CC      /root/cx3pro-inbox-build/pve-kernel/submodules/ubuntu-kernel/tools/objtool/librbtree.o
  CC      /root/cx3pro-inbox-build/pve-kernel/submodules/ubuntu-kernel/tools/objtool/signal.o
  HOSTLD  scripts/mod/modpost
  UPD     include/generated/timeconst.h
  CC      kernel/bounds.s
  CHKSHA1 include/linux/atomic/atomic-arch-fallback.h
  CHKSHA1 include/linux/atomic/atomic-instrumented.h
  CHKSHA1 include/linux/atomic/atomic-long.h
  UPD     include/generated/bounds.h
  CC      arch/x86/kernel/asm-offsets.s
  LD      /root/cx3pro-inbox-build/pve-kernel/submodules/ubuntu-kernel/tools/objtool/arch/x86/objtool-in.o
  UPD     include/generated/asm-offsets.h
  CC      kernel/sched/rq-offsets.s
  UPD     include/generated/rq-offsets.h
  CALL    scripts/checksyscalls.sh
  LD      /root/cx3pro-inbox-build/pve-kernel/submodules/ubuntu-kernel/tools/objtool/objtool-in.o
  LINK    /root/cx3pro-inbox-build/pve-kernel/submodules/ubuntu-kernel/tools/objtool/objtool
  LD      /root/cx3pro-inbox-build/pve-kernel/submodules/ubuntu-kernel/tools/bpf/resolve_btfids/libbpf/staticobjs/libbpf-in.o
  LINK    /root/cx3pro-inbox-build/pve-kernel/submodules/ubuntu-kernel/tools/bpf/resolve_btfids/libbpf/libbpf.a
  HOSTCC  /root/cx3pro-inbox-build/pve-kernel/submodules/ubuntu-kernel/tools/bpf/resolve_btfids/main.o
  HOSTCC  /root/cx3pro-inbox-build/pve-kernel/submodules/ubuntu-kernel/tools/bpf/resolve_btfids/rbtree.o
  HOSTCC  /root/cx3pro-inbox-build/pve-kernel/submodules/ubuntu-kernel/tools/bpf/resolve_btfids/zalloc.o
  HOSTCC  /root/cx3pro-inbox-build/pve-kernel/submodules/ubuntu-kernel/tools/bpf/resolve_btfids/string.o
  HOSTCC  /root/cx3pro-inbox-build/pve-kernel/submodules/ubuntu-kernel/tools/bpf/resolve_btfids/ctype.o
  HOSTCC  /root/cx3pro-inbox-build/pve-kernel/submodules/ubuntu-kernel/tools/bpf/resolve_btfids/str_error_r.o
  HOSTLD  /root/cx3pro-inbox-build/pve-kernel/submodules/ubuntu-kernel/tools/bpf/resolve_btfids/resolve_btfids-in.o
  LINK     resolve_btfids
  LDS     scripts/module.lds
make: Leaving directory '/root/cx3pro-inbox-build/pve-kernel/submodules/ubuntu-kernel'
+ cp /lib/modules/7.0.2-6-pve/build/Module.symvers /root/cx3pro-inbox-build/pve-kernel/submodules/ubuntu-kernel/Module.symvers
+ make -C /root/cx3pro-inbox-build/pve-kernel/submodules/ubuntu-kernel M=drivers/net/ethernet/mellanox/mlx4 clean
make: Entering directory '/root/cx3pro-inbox-build/pve-kernel/submodules/ubuntu-kernel'
make[1]: Entering directory '/root/cx3pro-inbox-build/pve-kernel/submodules/ubuntu-kernel/drivers/net/ethernet/mellanox/mlx4'
make[1]: Leaving directory '/root/cx3pro-inbox-build/pve-kernel/submodules/ubuntu-kernel/drivers/net/ethernet/mellanox/mlx4'
make: Leaving directory '/root/cx3pro-inbox-build/pve-kernel/submodules/ubuntu-kernel'
+ make -C /root/cx3pro-inbox-build/pve-kernel/submodules/ubuntu-kernel M=drivers/infiniband/hw/mlx4 clean
make: Entering directory '/root/cx3pro-inbox-build/pve-kernel/submodules/ubuntu-kernel'
make[1]: Entering directory '/root/cx3pro-inbox-build/pve-kernel/submodules/ubuntu-kernel/drivers/infiniband/hw/mlx4'
make[1]: Leaving directory '/root/cx3pro-inbox-build/pve-kernel/submodules/ubuntu-kernel/drivers/infiniband/hw/mlx4'
make: Leaving directory '/root/cx3pro-inbox-build/pve-kernel/submodules/ubuntu-kernel'
+ cp /lib/modules/7.0.2-6-pve/build/Module.symvers /root/cx3pro-inbox-build/pve-kernel/submodules/ubuntu-kernel/Module.symvers
+ make -C /root/cx3pro-inbox-build/pve-kernel/submodules/ubuntu-kernel M=drivers/net/ethernet/mellanox/mlx4 modules LOCALVERSION=-6-pve -j12
make: Entering directory '/root/cx3pro-inbox-build/pve-kernel/submodules/ubuntu-kernel'
make[1]: Entering directory '/root/cx3pro-inbox-build/pve-kernel/submodules/ubuntu-kernel/drivers/net/ethernet/mellanox/mlx4'
  CC [M]  alloc.o
  CC [M]  catas.o
  CC [M]  cmd.o
  CC [M]  cq.o
  CC [M]  eq.o
  CC [M]  fw.o
  CC [M]  fw_qos.o
  CC [M]  icm.o
  CC [M]  intf.o
  CC [M]  main.o
  CC [M]  mcg.o
  CC [M]  mr.o
  CC [M]  pd.o
  CC [M]  port.o
  CC [M]  profile.o
  CC [M]  qp.o
  CC [M]  reset.o
  CC [M]  sense.o
  CC [M]  srq.o
  CC [M]  resource_tracker.o
  CC [M]  crdump.o
  CC [M]  en_main.o
  CC [M]  en_tx.o
  CC [M]  en_rx.o
  CC [M]  en_ethtool.o
  CC [M]  en_port.o
  CC [M]  en_cq.o
  CC [M]  en_resources.o
  CC [M]  en_netdev.o
  CC [M]  en_selftest.o
  CC [M]  en_clock.o
  CC [M]  en_dcb_nl.o
  LD [M]  mlx4_core.o
  LD [M]  mlx4_en.o
  MODPOST Module.symvers
  CC [M]  mlx4_core.mod.o
  CC [M]  .module-common.o
  CC [M]  mlx4_en.mod.o
  LD [M]  mlx4_en.ko
  LD [M]  mlx4_core.ko
  BTF [M] mlx4_en.ko
Skipping BTF generation for mlx4_en.ko due to unavailability of vmlinux
  BTF [M] mlx4_core.ko
Skipping BTF generation for mlx4_core.ko due to unavailability of vmlinux
make[1]: Leaving directory '/root/cx3pro-inbox-build/pve-kernel/submodules/ubuntu-kernel/drivers/net/ethernet/mellanox/mlx4'
make: Leaving directory '/root/cx3pro-inbox-build/pve-kernel/submodules/ubuntu-kernel'
+ make -C /root/cx3pro-inbox-build/pve-kernel/submodules/ubuntu-kernel M=drivers/infiniband/hw/mlx4 modules LOCALVERSION=-6-pve KBUILD_EXTRA_SYMBOLS=/root/cx3pro-inbox-build/pve-kernel/submodules/ubuntu-kernel/drivers/net/ethernet/mellanox/mlx4/Module.symvers -j12
make: Entering directory '/root/cx3pro-inbox-build/pve-kernel/submodules/ubuntu-kernel'
make[1]: Entering directory '/root/cx3pro-inbox-build/pve-kernel/submodules/ubuntu-kernel/drivers/infiniband/hw/mlx4'
  CC [M]  ah.o
  CC [M]  cq.o
  CC [M]  doorbell.o
  CC [M]  mad.o
  CC [M]  main.o
  CC [M]  mr.o
  CC [M]  qp.o
  CC [M]  srq.o
  CC [M]  mcg.o
  CC [M]  cm.o
  CC [M]  alias_GUID.o
  CC [M]  sysfs.o
  LD [M]  mlx4_ib.o
  MODPOST Module.symvers
  CC [M]  mlx4_ib.mod.o
  CC [M]  .module-common.o
  LD [M]  mlx4_ib.ko
  BTF [M] mlx4_ib.ko
Skipping BTF generation for mlx4_ib.ko due to unavailability of vmlinux
make[1]: Leaving directory '/root/cx3pro-inbox-build/pve-kernel/submodules/ubuntu-kernel/drivers/infiniband/hw/mlx4'
make: Leaving directory '/root/cx3pro-inbox-build/pve-kernel/submodules/ubuntu-kernel'
vermagic ok: mlx4_core.ko: 7.0.2-6-pve SMP preempt mod_unload modversions 
vermagic ok: mlx4_en.ko: 7.0.2-6-pve SMP preempt mod_unload modversions 
vermagic ok: mlx4_ib.ko: 7.0.2-6-pve SMP preempt mod_unload modversions 
mlx4_ib symbol CRCs match patched mlx4_core exports
build-only complete
log=/root/CX3Pro-inbox-driver-patch/logs/install-20260627-131522.log
