=== CX3 Pro inbox RoCEv2 VF patch installer ===
repo=/root/CX3Pro-inbox-driver-patch
kernel=7.0.2-6-pve
pve_kernel_ref=87f22e55de30d73b83722b86790394564036b33c
jobs=12
build_root=/root/cx3pro-inbox-build
install_dir=/lib/modules/7.0.2-6-pve/updates/cx3pro-inbox-rocev2
tested_kernels=7.0.2-2-pve 7.0.2-6-pve
log=/root/CX3Pro-inbox-driver-patch/logs/install-20260627-131254.log

+ mkdir -p /root/cx3pro-inbox-build
+ git -C /root/cx3pro-inbox-build/pve-kernel fetch --depth 1 origin
+ git -C /root/cx3pro-inbox-build/pve-kernel reset --hard FETCH_HEAD
HEAD is now at f5f9a7c make: fix deriving build-host architecture
+ git -C /root/cx3pro-inbox-build/pve-kernel fetch --depth 1 origin 87f22e55de30d73b83722b86790394564036b33c
From https://github.com/proxmox/pve-kernel
 * branch            87f22e55de30d73b83722b86790394564036b33c -> FETCH_HEAD
+ git -C /root/cx3pro-inbox-build/pve-kernel reset --hard FETCH_HEAD
HEAD is now at 87f22e5 update ABI file for 7.0.2-6-pve (amd64)
+ git -C /root/cx3pro-inbox-build/pve-kernel submodule set-url submodules/ubuntu-kernel https://git.proxmox.com/git/mirror_ubuntu-kernels.git
Synchronizing submodule url for 'submodules/ubuntu-kernel'
+ git -C /root/cx3pro-inbox-build/pve-kernel submodule set-url submodules/zfsonlinux https://git.proxmox.com/git/zfsonlinux.git
+ git -C /root/cx3pro-inbox-build/pve-kernel submodule update --init submodules/ubuntu-kernel
+ cp /root/CX3Pro-inbox-driver-patch/patches/kernel/0066-mlx4-preserve-rocev2-gid-type-for-sriov-vfs.patch /root/cx3pro-inbox-build/pve-kernel/patches/kernel/
+ git -C /root/cx3pro-inbox-build/pve-kernel/submodules/ubuntu-kernel reset --hard HEAD
HEAD is now at 69bb061d6b71 UBUNTU: Ubuntu-7.0.0-18.18
+ git -C /root/cx3pro-inbox-build/pve-kernel/submodules/ubuntu-kernel clean -fdx
Removing ..checked-atomic-arch-fallback.h.cmd
Removing ..checked-atomic-instrumented.h.cmd
Removing ..checked-atomic-long.h.cmd
Removing .checked-atomic-arch-fallback.h
Removing .checked-atomic-instrumented.h
Removing .checked-atomic-long.h
Removing .config
Removing .config.old
Removing .missing-syscalls.d
Removing Module.symvers
Removing arch/x86/include/generated/
Removing arch/x86/kernel/.asm-offsets.s.cmd
Removing arch/x86/kernel/asm-offsets.s
Removing arch/x86/tools/.relocs.cmd
Removing arch/x86/tools/.relocs_32.o.cmd
Removing arch/x86/tools/.relocs_64.o.cmd
Removing arch/x86/tools/.relocs_common.o.cmd
Removing arch/x86/tools/.vdso2c.cmd
Removing arch/x86/tools/relocs
Removing arch/x86/tools/relocs_32.o
Removing arch/x86/tools/relocs_64.o
Removing arch/x86/tools/relocs_common.o
Removing arch/x86/tools/vdso2c
Removing drivers/infiniband/hw/mlx4/..module-common.o.cmd
Removing drivers/infiniband/hw/mlx4/.Module.symvers.cmd
Removing drivers/infiniband/hw/mlx4/.ah.o.cmd
Removing drivers/infiniband/hw/mlx4/.alias_GUID.o.cmd
Removing drivers/infiniband/hw/mlx4/.cm.o.cmd
Removing drivers/infiniband/hw/mlx4/.cq.o.cmd
Removing drivers/infiniband/hw/mlx4/.doorbell.o.cmd
Removing drivers/infiniband/hw/mlx4/.mad.o.cmd
Removing drivers/infiniband/hw/mlx4/.main.o.cmd
Removing drivers/infiniband/hw/mlx4/.mcg.o.cmd
Removing drivers/infiniband/hw/mlx4/.mlx4_ib.ko.cmd
Removing drivers/infiniband/hw/mlx4/.mlx4_ib.mod.cmd
Removing drivers/infiniband/hw/mlx4/.mlx4_ib.mod.o.cmd
Removing drivers/infiniband/hw/mlx4/.mlx4_ib.o.cmd
Removing drivers/infiniband/hw/mlx4/.module-common.o
Removing drivers/infiniband/hw/mlx4/.modules.order.cmd
Removing drivers/infiniband/hw/mlx4/.mr.o.cmd
Removing drivers/infiniband/hw/mlx4/.qp.o.cmd
Removing drivers/infiniband/hw/mlx4/.srq.o.cmd
Removing drivers/infiniband/hw/mlx4/.sysfs.o.cmd
Removing drivers/infiniband/hw/mlx4/Module.symvers
Removing drivers/infiniband/hw/mlx4/ah.o
Removing drivers/infiniband/hw/mlx4/alias_GUID.o
Removing drivers/infiniband/hw/mlx4/cm.o
Removing drivers/infiniband/hw/mlx4/cq.o
Removing drivers/infiniband/hw/mlx4/doorbell.o
Removing drivers/infiniband/hw/mlx4/mad.o
Removing drivers/infiniband/hw/mlx4/main.o
Removing drivers/infiniband/hw/mlx4/mcg.o
Removing drivers/infiniband/hw/mlx4/mlx4_ib.ko
Removing drivers/infiniband/hw/mlx4/mlx4_ib.mod
Removing drivers/infiniband/hw/mlx4/mlx4_ib.mod.c
Removing drivers/infiniband/hw/mlx4/mlx4_ib.mod.o
Removing drivers/infiniband/hw/mlx4/mlx4_ib.o
Removing drivers/infiniband/hw/mlx4/modules.order
Removing drivers/infiniband/hw/mlx4/mr.o
Removing drivers/infiniband/hw/mlx4/qp.o
Removing drivers/infiniband/hw/mlx4/srq.o
Removing drivers/infiniband/hw/mlx4/sysfs.o
Removing drivers/net/ethernet/mellanox/mlx4/..module-common.o.cmd
Removing drivers/net/ethernet/mellanox/mlx4/.Module.symvers.cmd
Removing drivers/net/ethernet/mellanox/mlx4/.alloc.o.cmd
Removing drivers/net/ethernet/mellanox/mlx4/.catas.o.cmd
Removing drivers/net/ethernet/mellanox/mlx4/.cmd.o.cmd
Removing drivers/net/ethernet/mellanox/mlx4/.cq.o.cmd
Removing drivers/net/ethernet/mellanox/mlx4/.crdump.o.cmd
Removing drivers/net/ethernet/mellanox/mlx4/.en_clock.o.cmd
Removing drivers/net/ethernet/mellanox/mlx4/.en_cq.o.cmd
Removing drivers/net/ethernet/mellanox/mlx4/.en_dcb_nl.o.cmd
Removing drivers/net/ethernet/mellanox/mlx4/.en_ethtool.o.cmd
Removing drivers/net/ethernet/mellanox/mlx4/.en_main.o.cmd
Removing drivers/net/ethernet/mellanox/mlx4/.en_netdev.o.cmd
Removing drivers/net/ethernet/mellanox/mlx4/.en_port.o.cmd
Removing drivers/net/ethernet/mellanox/mlx4/.en_resources.o.cmd
Removing drivers/net/ethernet/mellanox/mlx4/.en_rx.o.cmd
Removing drivers/net/ethernet/mellanox/mlx4/.en_selftest.o.cmd
Removing drivers/net/ethernet/mellanox/mlx4/.en_tx.o.cmd
Removing drivers/net/ethernet/mellanox/mlx4/.eq.o.cmd
Removing drivers/net/ethernet/mellanox/mlx4/.fw.o.cmd
Removing drivers/net/ethernet/mellanox/mlx4/.fw_qos.o.cmd
Removing drivers/net/ethernet/mellanox/mlx4/.icm.o.cmd
Removing drivers/net/ethernet/mellanox/mlx4/.intf.o.cmd
Removing drivers/net/ethernet/mellanox/mlx4/.main.o.cmd
Removing drivers/net/ethernet/mellanox/mlx4/.mcg.o.cmd
Removing drivers/net/ethernet/mellanox/mlx4/.mlx4_core.ko.cmd
Removing drivers/net/ethernet/mellanox/mlx4/.mlx4_core.mod.cmd
Removing drivers/net/ethernet/mellanox/mlx4/.mlx4_core.mod.o.cmd
Removing drivers/net/ethernet/mellanox/mlx4/.mlx4_core.o.cmd
Removing drivers/net/ethernet/mellanox/mlx4/.mlx4_en.ko.cmd
Removing drivers/net/ethernet/mellanox/mlx4/.mlx4_en.mod.cmd
Removing drivers/net/ethernet/mellanox/mlx4/.mlx4_en.mod.o.cmd
Removing drivers/net/ethernet/mellanox/mlx4/.mlx4_en.o.cmd
Removing drivers/net/ethernet/mellanox/mlx4/.module-common.o
Removing drivers/net/ethernet/mellanox/mlx4/.modules.order.cmd
Removing drivers/net/ethernet/mellanox/mlx4/.mr.o.cmd
Removing drivers/net/ethernet/mellanox/mlx4/.pd.o.cmd
Removing drivers/net/ethernet/mellanox/mlx4/.port.o.cmd
Removing drivers/net/ethernet/mellanox/mlx4/.profile.o.cmd
Removing drivers/net/ethernet/mellanox/mlx4/.qp.o.cmd
Removing drivers/net/ethernet/mellanox/mlx4/.reset.o.cmd
Removing drivers/net/ethernet/mellanox/mlx4/.resource_tracker.o.cmd
Removing drivers/net/ethernet/mellanox/mlx4/.sense.o.cmd
Removing drivers/net/ethernet/mellanox/mlx4/.srq.o.cmd
Removing drivers/net/ethernet/mellanox/mlx4/Module.symvers
Removing drivers/net/ethernet/mellanox/mlx4/alloc.o
Removing drivers/net/ethernet/mellanox/mlx4/catas.o
Removing drivers/net/ethernet/mellanox/mlx4/cmd.o
Removing drivers/net/ethernet/mellanox/mlx4/cq.o
Removing drivers/net/ethernet/mellanox/mlx4/crdump.o
Removing drivers/net/ethernet/mellanox/mlx4/en_clock.o
Removing drivers/net/ethernet/mellanox/mlx4/en_cq.o
Removing drivers/net/ethernet/mellanox/mlx4/en_dcb_nl.o
Removing drivers/net/ethernet/mellanox/mlx4/en_ethtool.o
Removing drivers/net/ethernet/mellanox/mlx4/en_main.o
Removing drivers/net/ethernet/mellanox/mlx4/en_netdev.o
Removing drivers/net/ethernet/mellanox/mlx4/en_port.o
Removing drivers/net/ethernet/mellanox/mlx4/en_resources.o
Removing drivers/net/ethernet/mellanox/mlx4/en_rx.o
Removing drivers/net/ethernet/mellanox/mlx4/en_selftest.o
Removing drivers/net/ethernet/mellanox/mlx4/en_tx.o
Removing drivers/net/ethernet/mellanox/mlx4/eq.o
Removing drivers/net/ethernet/mellanox/mlx4/fw.o
Removing drivers/net/ethernet/mellanox/mlx4/fw_qos.o
Removing drivers/net/ethernet/mellanox/mlx4/icm.o
Removing drivers/net/ethernet/mellanox/mlx4/intf.o
Removing drivers/net/ethernet/mellanox/mlx4/main.o
Removing drivers/net/ethernet/mellanox/mlx4/mcg.o
Removing drivers/net/ethernet/mellanox/mlx4/mlx4_core.ko
Removing drivers/net/ethernet/mellanox/mlx4/mlx4_core.mod
Removing drivers/net/ethernet/mellanox/mlx4/mlx4_core.mod.c
Removing drivers/net/ethernet/mellanox/mlx4/mlx4_core.mod.o
Removing drivers/net/ethernet/mellanox/mlx4/mlx4_core.o
Removing drivers/net/ethernet/mellanox/mlx4/mlx4_en.ko
Removing drivers/net/ethernet/mellanox/mlx4/mlx4_en.mod
Removing drivers/net/ethernet/mellanox/mlx4/mlx4_en.mod.c
Removing drivers/net/ethernet/mellanox/mlx4/mlx4_en.mod.o
Removing drivers/net/ethernet/mellanox/mlx4/mlx4_en.o
Removing drivers/net/ethernet/mellanox/mlx4/modules.order
Removing drivers/net/ethernet/mellanox/mlx4/mr.o
Removing drivers/net/ethernet/mellanox/mlx4/pd.o
Removing drivers/net/ethernet/mellanox/mlx4/port.o
Removing drivers/net/ethernet/mellanox/mlx4/profile.o
Removing drivers/net/ethernet/mellanox/mlx4/qp.o
Removing drivers/net/ethernet/mellanox/mlx4/reset.o
Removing drivers/net/ethernet/mellanox/mlx4/resource_tracker.o
Removing drivers/net/ethernet/mellanox/mlx4/sense.o
Removing drivers/net/ethernet/mellanox/mlx4/srq.o
Removing include/config/
Removing include/generated/
Removing kernel/.bounds.s.cmd
Removing kernel/bounds.s
Removing kernel/sched/.rq-offsets.s.cmd
Removing kernel/sched/rq-offsets.s
Removing scripts/.asn1_compiler.cmd
Removing scripts/.elf-parse.o.cmd
Removing scripts/.insert-sys-cert.cmd
Removing scripts/.kallsyms.cmd
Removing scripts/.module.lds.cmd
Removing scripts/.sign-file.cmd
Removing scripts/.sorttable.cmd
Removing scripts/.sorttable.o.cmd
Removing scripts/.tracepoint-update.cmd
Removing scripts/.tracepoint-update.o.cmd
Removing scripts/asn1_compiler
Removing scripts/basic/.fixdep.cmd
Removing scripts/basic/fixdep
Removing scripts/elf-parse.o
Removing scripts/gendwarfksyms/.cache.o.cmd
Removing scripts/gendwarfksyms/.die.o.cmd
Removing scripts/gendwarfksyms/.dwarf.o.cmd
Removing scripts/gendwarfksyms/.gendwarfksyms.cmd
Removing scripts/gendwarfksyms/.gendwarfksyms.o.cmd
Removing scripts/gendwarfksyms/.kabi.o.cmd
Removing scripts/gendwarfksyms/.symbols.o.cmd
Removing scripts/gendwarfksyms/.types.o.cmd
Removing scripts/gendwarfksyms/cache.o
Removing scripts/gendwarfksyms/die.o
Removing scripts/gendwarfksyms/dwarf.o
Removing scripts/gendwarfksyms/gendwarfksyms
Removing scripts/gendwarfksyms/gendwarfksyms.o
Removing scripts/gendwarfksyms/kabi.o
Removing scripts/gendwarfksyms/symbols.o
Removing scripts/gendwarfksyms/types.o
Removing scripts/insert-sys-cert
Removing scripts/ipe/polgen/.polgen.cmd
Removing scripts/ipe/polgen/polgen
Removing scripts/kallsyms
Removing scripts/kconfig/.conf.cmd
Removing scripts/kconfig/.conf.o.cmd
Removing scripts/kconfig/.confdata.o.cmd
Removing scripts/kconfig/.expr.o.cmd
Removing scripts/kconfig/.lexer.lex.c.cmd
Removing scripts/kconfig/.lexer.lex.o.cmd
Removing scripts/kconfig/.menu.o.cmd
Removing scripts/kconfig/.parser.tab.h.cmd
Removing scripts/kconfig/.parser.tab.o.cmd
Removing scripts/kconfig/.preprocess.o.cmd
Removing scripts/kconfig/.symbol.o.cmd
Removing scripts/kconfig/.util.o.cmd
Removing scripts/kconfig/conf
Removing scripts/kconfig/conf.o
Removing scripts/kconfig/confdata.o
Removing scripts/kconfig/expr.o
Removing scripts/kconfig/lexer.lex.c
Removing scripts/kconfig/lexer.lex.o
Removing scripts/kconfig/menu.o
Removing scripts/kconfig/parser.tab.c
Removing scripts/kconfig/parser.tab.h
Removing scripts/kconfig/parser.tab.o
Removing scripts/kconfig/preprocess.o
Removing scripts/kconfig/symbol.o
Removing scripts/kconfig/util.o
Removing scripts/mod/.devicetable-offsets.s.cmd
Removing scripts/mod/.elfconfig.h.cmd
Removing scripts/mod/.empty.o.cmd
Removing scripts/mod/.file2alias.o.cmd
Removing scripts/mod/.mk_elfconfig.cmd
Removing scripts/mod/.modpost.cmd
Removing scripts/mod/.modpost.o.cmd
Removing scripts/mod/.sumversion.o.cmd
Removing scripts/mod/.symsearch.o.cmd
Removing scripts/mod/devicetable-offsets.h
Removing scripts/mod/devicetable-offsets.s
Removing scripts/mod/elfconfig.h
Removing scripts/mod/empty.o
Removing scripts/mod/file2alias.o
Removing scripts/mod/mk_elfconfig
Removing scripts/mod/modpost
Removing scripts/mod/modpost.o
Removing scripts/mod/sumversion.o
Removing scripts/mod/symsearch.o
Removing scripts/module.lds
Removing scripts/selinux/mdp/.mdp.cmd
Removing scripts/selinux/mdp/mdp
Removing scripts/sign-file
Removing scripts/sorttable
Removing scripts/sorttable.o
Removing scripts/tracepoint-update
Removing scripts/tracepoint-update.o
Removing tools/bpf/resolve_btfids/.ctype.o.cmd
Removing tools/bpf/resolve_btfids/.fixdep-in.o.cmd
Removing tools/bpf/resolve_btfids/.fixdep.o.cmd
Removing tools/bpf/resolve_btfids/.fixdep.o.d
Removing tools/bpf/resolve_btfids/.main.o.cmd
Removing tools/bpf/resolve_btfids/.rbtree.o.cmd
Removing tools/bpf/resolve_btfids/.resolve_btfids-in.o.cmd
Removing tools/bpf/resolve_btfids/.str_error_r.o.cmd
Removing tools/bpf/resolve_btfids/.string.o.cmd
Removing tools/bpf/resolve_btfids/.zalloc.o.cmd
Removing tools/bpf/resolve_btfids/ctype.o
Removing tools/bpf/resolve_btfids/fixdep
Removing tools/bpf/resolve_btfids/fixdep-in.o
Removing tools/bpf/resolve_btfids/fixdep.o
Removing tools/bpf/resolve_btfids/libbpf/
Removing tools/bpf/resolve_btfids/libsubcmd/
Removing tools/bpf/resolve_btfids/main.o
Removing tools/bpf/resolve_btfids/rbtree.o
Removing tools/bpf/resolve_btfids/resolve_btfids
Removing tools/bpf/resolve_btfids/resolve_btfids-in.o
Removing tools/bpf/resolve_btfids/str_error_r.o
Removing tools/bpf/resolve_btfids/string.o
Removing tools/bpf/resolve_btfids/zalloc.o
Removing tools/objtool/.builtin-check.o.cmd
Removing tools/objtool/.check.o.cmd
Removing tools/objtool/.elf.o.cmd
Removing tools/objtool/.fixdep-in.o.cmd
Removing tools/objtool/.fixdep.o.cmd
Removing tools/objtool/.fixdep.o.d
Removing tools/objtool/.libctype.o.cmd
Removing tools/objtool/.librbtree.o.cmd
Removing tools/objtool/.libstring.o.cmd
Removing tools/objtool/.objtool-in.o.cmd
Removing tools/objtool/.objtool.o.cmd
Removing tools/objtool/.orc_dump.o.cmd
Removing tools/objtool/.orc_gen.o.cmd
Removing tools/objtool/.signal.o.cmd
Removing tools/objtool/.special.o.cmd
Removing tools/objtool/.str_error_r.o.cmd
Removing tools/objtool/.weak.o.cmd
Removing tools/objtool/arch/x86/.decode.o.cmd
Removing tools/objtool/arch/x86/.objtool-in.o.cmd
Removing tools/objtool/arch/x86/.orc.o.cmd
Removing tools/objtool/arch/x86/.special.o.cmd
Removing tools/objtool/arch/x86/decode.o
Removing tools/objtool/arch/x86/lib/
Removing tools/objtool/arch/x86/objtool-in.o
Removing tools/objtool/arch/x86/orc.o
Removing tools/objtool/arch/x86/special.o
Removing tools/objtool/builtin-check.o
Removing tools/objtool/check.o
Removing tools/objtool/elf.o
Removing tools/objtool/fixdep
Removing tools/objtool/fixdep-in.o
Removing tools/objtool/fixdep.o
Removing tools/objtool/libctype.o
Removing tools/objtool/librbtree.o
Removing tools/objtool/libstring.o
Removing tools/objtool/libsubcmd/
Removing tools/objtool/objtool
Removing tools/objtool/objtool-in.o
Removing tools/objtool/objtool.o
Removing tools/objtool/orc_dump.o
Removing tools/objtool/orc_gen.o
Removing tools/objtool/signal.o
Removing tools/objtool/special.o
Removing tools/objtool/str_error_r.o
Removing tools/objtool/weak.o
+ git -C /root/cx3pro-inbox-build/pve-kernel/submodules/ubuntu-kernel apply --check /root/CX3Pro-inbox-driver-patch/patches/kernel/0066-mlx4-preserve-rocev2-gid-type-for-sriov-vfs.patch
+ git -C /root/cx3pro-inbox-build/pve-kernel/submodules/ubuntu-kernel apply /root/CX3Pro-inbox-driver-patch/patches/kernel/0066-mlx4-preserve-rocev2-gid-type-for-sriov-vfs.patch
+ git -C /root/cx3pro-inbox-build/pve-kernel/submodules/ubuntu-kernel diff --check
apply-check-only complete
patch applied cleanly to source version 7.0.2
log=/root/CX3Pro-inbox-driver-patch/logs/install-20260627-131254.log
