=== CX3 Pro inbox RoCEv2 VF patch installer ===
repo=/root/CX3Pro-inbox-driver-patch
kernel=7.0.2-6-pve
pve_kernel_ref=b8d87f8e97fa979f50d88673bd5be41de93ed2f3
jobs=12
build_root=/root/cx3pro-inbox-build
install_dir=/lib/modules/7.0.2-6-pve/updates/cx3pro-inbox-rocev2
tested_kernels=7.0.2-2-pve 7.0.2-6-pve
log=/root/CX3Pro-inbox-driver-patch/logs/install-20260628-024448.log

+ mkdir -p /root/cx3pro-inbox-build
+ git -C /root/cx3pro-inbox-build/pve-kernel fetch --depth 1 origin
+ git -C /root/cx3pro-inbox-build/pve-kernel reset --hard FETCH_HEAD
HEAD is now at f5f9a7c make: fix deriving build-host architecture
+ git -C /root/cx3pro-inbox-build/pve-kernel fetch --depth 1 origin b8d87f8e97fa979f50d88673bd5be41de93ed2f3
From https://github.com/proxmox/pve-kernel
 * branch            b8d87f8e97fa979f50d88673bd5be41de93ed2f3 -> FETCH_HEAD
+ git -C /root/cx3pro-inbox-build/pve-kernel reset --hard FETCH_HEAD
HEAD is now at b8d87f8 update ABI file for 7.0.12-1-pve (amd64)
+ git -C /root/cx3pro-inbox-build/pve-kernel submodule set-url submodules/ubuntu-kernel https://git.proxmox.com/git/mirror_ubuntu-kernels.git
Synchronizing submodule url for 'submodules/ubuntu-kernel'
+ git -C /root/cx3pro-inbox-build/pve-kernel submodule set-url submodules/zfsonlinux https://git.proxmox.com/git/zfsonlinux.git
+ git -C /root/cx3pro-inbox-build/pve-kernel submodule update --init submodules/ubuntu-kernel
From https://git.proxmox.com/git/mirror_ubuntu-kernels
 * [new tag]                   Proxmox-7.0.12-1   -> Proxmox-7.0.12-1
 * [new tag]                   Ubuntu-7.0.0-26.26 -> Ubuntu-7.0.0-26.26
Submodule path 'submodules/ubuntu-kernel': checked out 'd873103e8ac3c51fbdb4be178bddb191af0f6a21'
+ cp /root/CX3Pro-inbox-driver-patch/patches/kernel/0066-mlx4-preserve-rocev2-gid-type-for-sriov-vfs.patch /root/cx3pro-inbox-build/pve-kernel/patches/kernel/
+ git -C /root/cx3pro-inbox-build/pve-kernel/submodules/ubuntu-kernel reset --hard HEAD
HEAD is now at d873103e8ac3 Linux 7.0.12
+ git -C /root/cx3pro-inbox-build/pve-kernel/submodules/ubuntu-kernel clean -fdx
error: source kernel version 7.0.12 does not match target 7.0.2
set PVE_KERNEL_REF to a pve-kernel ref with the matching source version
